c:\users\weir0062\desktop\inca1startpoint\snakevsproj\snake\x64\debug\snakeplugin.pch
c:\users\weir0062\desktop\inca1startpoint\snakevsproj\snake\x64\debug\vc143.pdb
c:\users\weir0062\desktop\inca1startpoint\snakevsproj\snake\x64\debug\vc143.idb
c:\users\weir0062\desktop\inca1startpoint\snakevsproj\snake\x64\debug\pch.obj
c:\users\weir0062\desktop\inca1startpoint\snakevsproj\snake\x64\debug\snakeapi.obj
c:\users\weir0062\desktop\inca1startpoint\snakevsproj\snake\x64\debug\snake.obj
c:\users\weir0062\desktop\inca1startpoint\snakevsproj\snake\x64\debug\intvector2.obj
c:\users\weir0062\desktop\inca1startpoint\snakevsproj\snake\x64\debug\dllmain.obj
c:\users\weir0062\desktop\inca1startpoint\snakevsproj\snake\x64\debug\snakeplugin.ilk
c:\users\weir0062\desktop\inca1startpoint\snakevsproj\x64\debug\snakeplugin.dll
c:\users\weir0062\desktop\inca1startpoint\snakevsproj\x64\debug\snakeplugin.pdb
c:\users\weir0062\desktop\inca1startpoint\snakevsproj\x64\debug\snakeplugin.lib
c:\users\weir0062\desktop\inca1startpoint\snakevsproj\x64\debug\snakeplugin.exp
c:\users\weir0062\desktop\inca1startpoint\snakevsproj\snake\x64\debug\snakeplugin.tlog\cl.command.1.tlog
c:\users\weir0062\desktop\inca1startpoint\snakevsproj\snake\x64\debug\snakeplugin.tlog\cl.read.1.tlog
c:\users\weir0062\desktop\inca1startpoint\snakevsproj\snake\x64\debug\snakeplugin.tlog\cl.write.1.tlog
c:\users\weir0062\desktop\inca1startpoint\snakevsproj\snake\x64\debug\snakeplugin.tlog\link.command.1.tlog
c:\users\weir0062\desktop\inca1startpoint\snakevsproj\snake\x64\debug\snakeplugin.tlog\link.read.1.tlog
c:\users\weir0062\desktop\inca1startpoint\snakevsproj\snake\x64\debug\snakeplugin.tlog\link.write.1.tlog
c:\users\weir0062\desktop\inca1startpoint\snakevsproj\snake\x64\debug\snakeplugin.tlog\link.write.2u.tlog
